# JRE version: Java(TM) SE Runtime Environment (8.0_25-b18) (build 1.8.0_25-b18)
# Java VM: Java HotSpot(TM) 64-Bit Server VM (25.25-b02 mixed mode windows-amd64 compressed oops)
Heap:
 PSYoungGen      total 126976K, used 32935K [0x00000000d5f00000, 0x00000000dec00000, 0x0000000100000000)
  eden space 113664K, 17% used [0x00000000d5f00000,0x00000000d722de28,0x00000000dce00000)
  from space 13312K, 99% used [0x00000000dd480000,0x00000000de17bed8,0x00000000de180000)
  to   space 10752K, 0% used [0x00000000de180000,0x00000000de180000,0x00000000dec00000)
 ParOldGen       total 70656K, used 20303K [0x0000000081c00000, 0x0000000086100000, 0x00000000d5f00000)
  object space 70656K, 28% used [0x0000000081c00000,0x0000000082fd3f58,0x0000000086100000)
 Metaspace       used 29729K, capacity 30230K, committed 30336K, reserved 1075200K
  class space    used 3526K, capacity 3619K, committed 3712K, reserved 1048576K
GC Heap History (10 events):
Event: 38.691 GC heap before
{Heap before GC invocations=10 (full 1):
 PSYoungGen      total 120832K, used 120683K [0x00000000d5f00000, 0x00000000de480000, 0x0000000100000000)
  eden space 113152K, 100% used [0x00000000d5f00000,0x00000000dcd80000,0x00000000dcd80000)
  from space 7680K, 98% used [0x00000000ddd00000,0x00000000de45ae90,0x00000000de480000)
  to   space 10752K, 0% used [0x00000000dcf80000,0x00000000dcf80000,0x00000000dda00000)
 ParOldGen       total 70656K, used 14811K [0x0000000081c00000, 0x0000000086100000, 0x00000000d5f00000)
  object space 70656K, 20% used [0x0000000081c00000,0x0000000082a76cc8,0x0000000086100000)
 Metaspace       used 27382K, capacity 27662K, committed 28032K, reserved 1073152K
  class space    used 3314K, capacity 3385K, committed 3456K, reserved 1048576K
Event: 38.696 GC heap after
Heap after GC invocations=10 (full 1):
 PSYoungGen      total 125952K, used 7834K [0x00000000d5f00000, 0x00000000df000000, 0x0000000100000000)
  eden space 115200K, 0% used [0x00000000d5f00000,0x00000000d5f00000,0x00000000dcf80000)
  from space 10752K, 72% used [0x00000000dcf80000,0x00000000dd726b50,0x00000000dda00000)
  to   space 10752K, 0% used [0x00000000de580000,0x00000000de580000,0x00000000df000000)
 ParOldGen       total 70656K, used 14819K [0x0000000081c00000, 0x0000000086100000, 0x00000000d5f00000)
  object space 70656K, 20% used [0x0000000081c00000,0x0000000082a78cc8,0x0000000086100000)
 Metaspace       used 27382K, capacity 27662K, committed 28032K, reserved 1073152K
  class space    used 3314K, capacity 3385K, committed 3456K, reserved 1048576K
}
Event: 59.062 GC heap before
{Heap before GC invocations=11 (full 1):
 PSYoungGen      total 125952K, used 123034K [0x00000000d5f00000, 0x00000000df000000, 0x0000000100000000)
  eden space 115200K, 100% used [0x00000000d5f00000,0x00000000dcf80000,0x00000000dcf80000)
  from space 10752K, 72% used [0x00000000dcf80000,0x00000000dd726b50,0x00000000dda00000)
  to   space 10752K, 0% used [0x00000000de580000,0x00000000de580000,0x00000000df000000)
 ParOldGen       total 70656K, used 14819K [0x0000000081c00000, 0x0000000086100000, 0x00000000d5f00000)
  object space 70656K, 20% used [0x0000000081c00000,0x0000000082a78cc8,0x0000000086100000)
 Metaspace       used 28565K, capacity 29124K, committed 29184K, reserved 1075200K
  class space    used 3447K, capacity 3554K, committed 3584K, reserved 1048576K
Event: 59.072 GC heap after
Heap after GC invocations=11 (full 1):
 PSYoungGen      total 136704K, used 10740K [0x00000000d5f00000, 0x00000000df180000, 0x0000000100000000)
  eden space 125952K, 0% used [0x00000000d5f00000,0x00000000d5f00000,0x00000000dda00000)
  from space 10752K, 99% used [0x00000000de580000,0x00000000deffd1b0,0x00000000df000000)
  to   space 11776K, 0% used [0x00000000dda00000,0x00000000dda00000,0x00000000de580000)
 ParOldGen       total 70656K, used 14988K [0x0000000081c00000, 0x0000000086100000, 0x00000000d5f00000)
  object space 70656K, 21% used [0x0000000081c00000,0x0000000082aa3310,0x0000000086100000)
 Metaspace       used 28565K, capacity 29124K, committed 29184K, reserved 1075200K
  class space    used 3447K, capacity 3554K, committed 3584K, reserved 1048576K
}
Event: 80.080 GC heap before
{Heap before GC invocations=12 (full 1):
 PSYoungGen      total 136704K, used 136692K [0x00000000d5f00000, 0x00000000df180000, 0x0000000100000000)
  eden space 125952K, 100% used [0x00000000d5f00000,0x00000000dda00000,0x00000000dda00000)
  from space 10752K, 99% used [0x00000000de580000,0x00000000deffd1b0,0x00000000df000000)
  to   space 11776K, 0% used [0x00000000dda00000,0x00000000dda00000,0x00000000de580000)
 ParOldGen       total 70656K, used 14988K [0x0000000081c00000, 0x0000000086100000, 0x00000000d5f00000)
  object space 70656K, 21% used [0x0000000081c00000,0x0000000082aa3310,0x0000000086100000)
 Metaspace       used 28641K, capacity 29188K, committed 29440K, reserved 1075200K
  class space    used 3447K, capacity 3554K, committed 3584K, reserved 1048576K
Event: 80.087 GC heap after
Heap after GC invocations=12 (full 1):
 PSYoungGen      total 133632K, used 11751K [0x00000000d5f00000, 0x00000000df100000, 0x0000000100000000)
  eden space 121856K, 0% used [0x00000000d5f00000,0x00000000d5f00000,0x00000000dd600000)
  from space 11776K, 99% used [0x00000000dda00000,0x00000000de579d78,0x00000000de580000)
  to   space 11776K, 0% used [0x00000000de580000,0x00000000de580000,0x00000000df100000)
 ParOldGen       total 70656K, used 17497K [0x0000000081c00000, 0x0000000086100000, 0x00000000d5f00000)
  object space 70656K, 24% used [0x0000000081c00000,0x0000000082d164d8,0x0000000086100000)
 Metaspace       used 28641K, capacity 29188K, committed 29440K, reserved 1075200K
  class space    used 3447K, capacity 3554K, committed 3584K, reserved 1048576K
}
Event: 90.952 GC heap before
{Heap before GC invocations=13 (full 1):
 PSYoungGen      total 133632K, used 133607K [0x00000000d5f00000, 0x00000000df100000, 0x0000000100000000)
  eden space 121856K, 100% used [0x00000000d5f00000,0x00000000dd600000,0x00000000dd600000)
  from space 11776K, 99% used [0x00000000dda00000,0x00000000de579d78,0x00000000de580000)
  to   space 11776K, 0% used [0x00000000de580000,0x00000000de580000,0x00000000df100000)
 ParOldGen       total 70656K, used 17497K [0x0000000081c00000, 0x0000000086100000, 0x00000000d5f00000)
  object space 70656K, 24% used [0x0000000081c00000,0x0000000082d164d8,0x0000000086100000)
 Metaspace       used 28793K, capacity 29380K, committed 29440K, reserved 1075200K
  class space    used 3448K, capacity 3554K, committed 3584K, reserved 1048576K
Event: 90.957 GC heap after
Heap after GC invocations=13 (full 1):
 PSYoungGen      total 126976K, used 9087K [0x00000000d5f00000, 0x00000000dee80000, 0x0000000100000000)
  eden space 117760K, 0% used [0x00000000d5f00000,0x00000000d5f00000,0x00000000dd200000)
  from space 9216K, 98% used [0x00000000de580000,0x00000000dee5fd98,0x00000000dee80000)
  to   space 13312K, 0% used [0x00000000dd480000,0x00000000dd480000,0x00000000de180000)
 ParOldGen       total 70656K, used 17505K [0x0000000081c00000, 0x0000000086100000, 0x00000000d5f00000)
  object space 70656K, 24% used [0x0000000081c00000,0x0000000082d184d8,0x0000000086100000)
 Metaspace       used 28793K, capacity 29380K, committed 29440K, reserved 1075200K
  class space    used 3448K, capacity 3554K, committed 3584K, reserved 1048576K
}
Event: 110.849 GC heap before
{Heap before GC invocations=14 (full 1):
 PSYoungGen      total 126976K, used 124424K [0x00000000d5f00000, 0x00000000dee80000, 0x0000000100000000)
  eden space 117760K, 97% used [0x00000000d5f00000,0x00000000dcfa24a8,0x00000000dd200000)
  from space 9216K, 98% used [0x00000000de580000,0x00000000dee5fd98,0x00000000dee80000)
  to   space 13312K, 0% used [0x00000000dd480000,0x00000000dd480000,0x00000000de180000)
 ParOldGen       total 70656K, used 17505K [0x0000000081c00000, 0x0000000086100000, 0x00000000d5f00000)
  object space 70656K, 24% used [0x0000000081c00000,0x0000000082d184d8,0x0000000086100000)
 Metaspace       used 29712K, capacity 30230K, committed 30336K, reserved 1075200K
  class space    used 3526K, capacity 3619K, committed 3712K, reserved 1048576K
Event: 110.859 GC heap after
Heap after GC invocations=14 (full 1):
 PSYoungGen      total 126976K, used 13295K [0x00000000d5f00000, 0x00000000dec00000, 0x0000000100000000)
  eden space 113664K, 0% used [0x00000000d5f00000,0x00000000d5f00000,0x00000000dce00000)
  from space 13312K, 99% used [0x00000000dd480000,0x00000000de17bed8,0x00000000de180000)
  to   space 10752K, 0% used [0x00000000de180000,0x00000000de180000,0x00000000dec00000)
 ParOldGen       total 70656K, used 20303K [0x0000000081c00000, 0x0000000086100000, 0x00000000d5f00000)
  object space 70656K, 28% used [0x0000000081c00000,0x0000000082fd3f58,0x0000000086100000)
 Metaspace       used 29712K, capacity 30230K, committed 30336K, reserved 1075200K
  class space    used 3526K, capacity 3619K, committed 3712K, reserved 1048576K
}

