# JRE version: Java(TM) SE Runtime Environment (8.0_25-b18) (build 1.8.0_25-b18)
# Java VM: Java HotSpot(TM) 64-Bit Server VM (25.25-b02 mixed mode windows-amd64 compressed oops)
Heap:
 PSYoungGen      total 30208K, used 12055K [0x00000000d5f00000, 0x00000000d8700000, 0x0000000100000000)
  eden space 20480K, 57% used [0x00000000d5f00000,0x00000000d6a80970,0x00000000d7300000)
  from space 9728K, 2% used [0x00000000d7d80000,0x00000000d7dc5300,0x00000000d8700000)
  to   space 10240K, 0% used [0x00000000d7300000,0x00000000d7300000,0x00000000d7d00000)
 ParOldGen       total 68608K, used 45152K [0x0000000081c00000, 0x0000000085f00000, 0x00000000d5f00000)
  object space 68608K, 65% used [0x0000000081c00000,0x0000000084818260,0x0000000085f00000)
 Metaspace       used 25292K, capacity 25850K, committed 26112K, reserved 1073152K
  class space    used 3102K, capacity 3234K, committed 3328K, reserved 1048576K
GC Heap History (10 events):
Event: 773.629 GC heap before
{Heap before GC invocations=69 (full 9):
 PSYoungGen      total 20992K, used 20690K [0x00000000d5f00000, 0x00000000d8e00000, 0x0000000100000000)
  eden space 20480K, 98% used [0x00000000d5f00000,0x00000000d72cc990,0x00000000d7300000)
  from space 512K, 81% used [0x00000000d7300000,0x00000000d7368000,0x00000000d7380000)
  to   space 13824K, 0% used [0x00000000d8080000,0x00000000d8080000,0x00000000d8e00000)
 ParOldGen       total 68608K, used 44664K [0x0000000081c00000, 0x0000000085f00000, 0x00000000d5f00000)
  object space 68608K, 65% used [0x0000000081c00000,0x000000008479e258,0x0000000085f00000)
 Metaspace       used 25161K, capacity 25766K, committed 26112K, reserved 1073152K
  class space    used 3093K, capacity 3230K, committed 3328K, reserved 1048576K
Event: 773.630 GC heap after
Heap after GC invocations=69 (full 9):
 PSYoungGen      total 33280K, used 729K [0x00000000d5f00000, 0x00000000d8d00000, 0x0000000100000000)
  eden space 20480K, 0% used [0x00000000d5f00000,0x00000000d5f00000,0x00000000d7300000)
  from space 12800K, 5% used [0x00000000d8080000,0x00000000d8136668,0x00000000d8d00000)
  to   space 13312K, 0% used [0x00000000d7300000,0x00000000d7300000,0x00000000d8000000)
 ParOldGen       total 68608K, used 44952K [0x0000000081c00000, 0x0000000085f00000, 0x00000000d5f00000)
  object space 68608K, 65% used [0x0000000081c00000,0x00000000847e6288,0x0000000085f00000)
 Metaspace       used 25161K, capacity 25766K, committed 26112K, reserved 1073152K
  class space    used 3093K, capacity 3230K, committed 3328K, reserved 1048576K
}
Event: 774.545 GC heap before
{Heap before GC invocations=70 (full 9):
 PSYoungGen      total 33280K, used 21209K [0x00000000d5f00000, 0x00000000d8d00000, 0x0000000100000000)
  eden space 20480K, 100% used [0x00000000d5f00000,0x00000000d7300000,0x00000000d7300000)
  from space 12800K, 5% used [0x00000000d8080000,0x00000000d8136668,0x00000000d8d00000)
  to   space 13312K, 0% used [0x00000000d7300000,0x00000000d7300000,0x00000000d8000000)
 ParOldGen       total 68608K, used 44952K [0x0000000081c00000, 0x0000000085f00000, 0x00000000d5f00000)
  object space 68608K, 65% used [0x0000000081c00000,0x00000000847e6288,0x0000000085f00000)
 Metaspace       used 25161K, capacity 25766K, committed 26112K, reserved 1073152K
  class space    used 3093K, capacity 3230K, committed 3328K, reserved 1048576K
Event: 774.547 GC heap after
Heap after GC invocations=70 (full 9):
 PSYoungGen      total 20992K, used 352K [0x00000000d5f00000, 0x00000000d8b00000, 0x0000000100000000)
  eden space 20480K, 0% used [0x00000000d5f00000,0x00000000d5f00000,0x00000000d7300000)
  from space 512K, 68% used [0x00000000d7300000,0x00000000d7358000,0x00000000d7380000)
  to   space 12288K, 0% used [0x00000000d7f00000,0x00000000d7f00000,0x00000000d8b00000)
 ParOldGen       total 68608K, used 45064K [0x0000000081c00000, 0x0000000085f00000, 0x00000000d5f00000)
  object space 68608K, 65% used [0x0000000081c00000,0x0000000084802260,0x0000000085f00000)
 Metaspace       used 25161K, capacity 25766K, committed 26112K, reserved 1073152K
  class space    used 3093K, capacity 3230K, committed 3328K, reserved 1048576K
}
Event: 789.032 GC heap before
{Heap before GC invocations=71 (full 9):
 PSYoungGen      total 20992K, used 18780K [0x00000000d5f00000, 0x00000000d8b00000, 0x0000000100000000)
  eden space 20480K, 89% used [0x00000000d5f00000,0x00000000d70ff0c0,0x00000000d7300000)
  from space 512K, 68% used [0x00000000d7300000,0x00000000d7358000,0x00000000d7380000)
  to   space 12288K, 0% used [0x00000000d7f00000,0x00000000d7f00000,0x00000000d8b00000)
 ParOldGen       total 68608K, used 45064K [0x0000000081c00000, 0x0000000085f00000, 0x00000000d5f00000)
  object space 68608K, 65% used [0x0000000081c00000,0x0000000084802260,0x0000000085f00000)
 Metaspace       used 25216K, capacity 25766K, committed 26112K, reserved 1073152K
  class space    used 3097K, capacity 3230K, committed 3328K, reserved 1048576K
Event: 789.033 GC heap after
Heap after GC invocations=71 (full 9):
 PSYoungGen      total 30720K, used 233K [0x00000000d5f00000, 0x00000000d8900000, 0x0000000100000000)
  eden space 20480K, 0% used [0x00000000d5f00000,0x00000000d5f00000,0x00000000d7300000)
  from space 10240K, 2% used [0x00000000d7f00000,0x00000000d7f3a518,0x00000000d8900000)
  to   space 11264K, 0% used [0x00000000d7300000,0x00000000d7300000,0x00000000d7e00000)
 ParOldGen       total 68608K, used 45072K [0x0000000081c00000, 0x0000000085f00000, 0x00000000d5f00000)
  object space 68608K, 65% used [0x0000000081c00000,0x0000000084804260,0x0000000085f00000)
 Metaspace       used 25216K, capacity 25766K, committed 26112K, reserved 1073152K
  class space    used 3097K, capacity 3230K, committed 3328K, reserved 1048576K
}
Event: 789.991 GC heap before
{Heap before GC invocations=72 (full 9):
 PSYoungGen      total 30720K, used 20713K [0x00000000d5f00000, 0x00000000d8900000, 0x0000000100000000)
  eden space 20480K, 100% used [0x00000000d5f00000,0x00000000d7300000,0x00000000d7300000)
  from space 10240K, 2% used [0x00000000d7f00000,0x00000000d7f3a518,0x00000000d8900000)
  to   space 11264K, 0% used [0x00000000d7300000,0x00000000d7300000,0x00000000d7e00000)
 ParOldGen       total 68608K, used 45072K [0x0000000081c00000, 0x0000000085f00000, 0x00000000d5f00000)
  object space 68608K, 65% used [0x0000000081c00000,0x0000000084804260,0x0000000085f00000)
 Metaspace       used 25216K, capacity 25766K, committed 26112K, reserved 1073152K
  class space    used 3097K, capacity 3230K, committed 3328K, reserved 1048576K
Event: 789.992 GC heap after
Heap after GC invocations=72 (full 9):
 PSYoungGen      total 20992K, used 192K [0x00000000d5f00000, 0x00000000d8800000, 0x0000000100000000)
  eden space 20480K, 0% used [0x00000000d5f00000,0x00000000d5f00000,0x00000000d7300000)
  from space 512K, 37% used [0x00000000d7300000,0x00000000d7330000,0x00000000d7380000)
  to   space 10752K, 0% used [0x00000000d7d80000,0x00000000d7d80000,0x00000000d8800000)
 ParOldGen       total 68608K, used 45136K [0x0000000081c00000, 0x0000000085f00000, 0x00000000d5f00000)
  object space 68608K, 65% used [0x0000000081c00000,0x0000000084814260,0x0000000085f00000)
 Metaspace       used 25216K, capacity 25766K, committed 26112K, reserved 1073152K
  class space    used 3097K, capacity 3230K, committed 3328K, reserved 1048576K
}
Event: 796.111 GC heap before
{Heap before GC invocations=73 (full 9):
 PSYoungGen      total 20992K, used 20672K [0x00000000d5f00000, 0x00000000d8800000, 0x0000000100000000)
  eden space 20480K, 100% used [0x00000000d5f00000,0x00000000d7300000,0x00000000d7300000)
  from space 512K, 37% used [0x00000000d7300000,0x00000000d7330000,0x00000000d7380000)
  to   space 10752K, 0% used [0x00000000d7d80000,0x00000000d7d80000,0x00000000d8800000)
 ParOldGen       total 68608K, used 45136K [0x0000000081c00000, 0x0000000085f00000, 0x00000000d5f00000)
  object space 68608K, 65% used [0x0000000081c00000,0x0000000084814260,0x0000000085f00000)
 Metaspace       used 25236K, capacity 25780K, committed 26112K, reserved 1073152K
  class space    used 3100K, capacity 3233K, committed 3328K, reserved 1048576K
Event: 796.112 GC heap after
Heap after GC invocations=73 (full 9):
 PSYoungGen      total 30208K, used 276K [0x00000000d5f00000, 0x00000000d8700000, 0x0000000100000000)
  eden space 20480K, 0% used [0x00000000d5f00000,0x00000000d5f00000,0x00000000d7300000)
  from space 9728K, 2% used [0x00000000d7d80000,0x00000000d7dc5300,0x00000000d8700000)
  to   space 10240K, 0% used [0x00000000d7300000,0x00000000d7300000,0x00000000d7d00000)
 ParOldGen       total 68608K, used 45152K [0x0000000081c00000, 0x0000000085f00000, 0x00000000d5f00000)
  object space 68608K, 65% used [0x0000000081c00000,0x0000000084818260,0x0000000085f00000)
 Metaspace       used 25236K, capacity 25780K, committed 26112K, reserved 1073152K
  class space    used 3100K, capacity 3233K, committed 3328K, reserved 1048576K
}

